

Starting up. 07:54:25
---------------------
Adding game mode blob (blob) to configuration.
Adding game mode changeling (changeling) to configuration.
Adding game mode traitor+changeling (traitorchan) to configuration.
Adding game mode double agents (double_agents) to configuration.
Adding game mode traitor (traitor) to configuration.
Adding game mode clockwork cult (clockwork_cult) to configuration.
Adding game mode cult (cult) to configuration.
Adding game mode Devil Agents (devil_agents) to configuration.
Adding game mode devil (devil) to configuration.
Adding game mode extended (extended) to configuration.
Adding game mode secret extended (secret extended) to configuration.
Adding game mode gang war (gang) to configuration.
Adding game mode meteor (meteor) to configuration.
Adding game mode abduction (abduction) to configuration.
Adding game mode monkey (monkey) to configuration.
Adding game mode nuclear emergency (nuclear) to configuration.
Adding game mode revolution (revolution) to configuration.
Adding game mode sandbox (sandbox) to configuration.
Adding game mode very ragin' bullshit mages (veryraginbullshitmages) to configuration.
Adding game mode ragin' mages (raginmages) to configuration.
Adding game mode wizard (wizard) to configuration.
Unknown game mode probability configuration definition: malfunction.
Unknown continuous configuration definition: malfunction.
Unknown midround antagonist configuration definition: malfunction.
Saved mode is 'extended'
[07:54:25]ADMIN: Loading Banlist
[07:56:59]ACCESS: Login: Tokiko1 from 127.0.0.1-1327063327 || BYOND v511
[07:56:59]ACCESS: Mob Login: Tokiko1/(Tokiko1) was assigned to a /mob/dead/new_player
[07:59:11]ACCESS: Mob Login: Tokiko1/(Rylan Blessig) was assigned to a /mob/living/carbon/human
[07:59:34]ACCESS: Logout: Tokiko1/(Rylan Blessig)


Starting up. 08:28:18
---------------------
Adding game mode blob (blob) to configuration.
Adding game mode changeling (changeling) to configuration.
Adding game mode traitor+changeling (traitorchan) to configuration.
Adding game mode double agents (double_agents) to configuration.
Adding game mode traitor (traitor) to configuration.
Adding game mode clockwork cult (clockwork_cult) to configuration.
Adding game mode cult (cult) to configuration.
Adding game mode Devil Agents (devil_agents) to configuration.
Adding game mode devil (devil) to configuration.
Adding game mode extended (extended) to configuration.
Adding game mode secret extended (secret extended) to configuration.
Adding game mode gang war (gang) to configuration.
Adding game mode meteor (meteor) to configuration.
Adding game mode abduction (abduction) to configuration.
Adding game mode monkey (monkey) to configuration.
Adding game mode nuclear emergency (nuclear) to configuration.
Adding game mode revolution (revolution) to configuration.
Adding game mode sandbox (sandbox) to configuration.
Adding game mode very ragin' bullshit mages (veryraginbullshitmages) to configuration.
Adding game mode ragin' mages (raginmages) to configuration.
Adding game mode wizard (wizard) to configuration.
Unknown game mode probability configuration definition: malfunction.
Unknown continuous configuration definition: malfunction.
Unknown midround antagonist configuration definition: malfunction.
Saved mode is 'extended'
[08:28:18]ADMIN: Loading Banlist
[08:28:22]ACCESS: Login: Tokiko1 from 127.0.0.1-1327063327 || BYOND v511
[08:28:22]ACCESS: Mob Login: Tokiko1/(Tokiko1) was assigned to a /mob/dead/new_player
[08:30:38]ADMIN: Tokiko1 has started the game.
[08:30:39]ACCESS: Mob Login: Tokiko1/(Mya Eggy) was assigned to a /mob/living/carbon/human
[08:31:10]ACCESS: Mob Login: Tokiko1/(Mya Eggy) was assigned to a /mob/dead/observer
[08:31:14]GAME: Mya Eggy/Tokiko1 used abandon mob.
[08:31:14]ACCESS: Mob Login: Tokiko1/(new player) was assigned to a /mob/dead/new_player
[08:31:37]ACCESS: Mob Login: Tokiko1/(Mya Eggy) was assigned to a /mob/living/carbon/human
[08:32:50]ACCESS: Mob Login: Tokiko1/(Mya Eggy) was assigned to a /mob/dead/observer
[08:32:53]GAME: Mya Eggy/Tokiko1 used abandon mob.
[08:32:53]ACCESS: Mob Login: Tokiko1/(new player) was assigned to a /mob/dead/new_player
[08:33:07]ACCESS: Mob Login: Tokiko1/(Mya Eggy) was assigned to a /mob/living/carbon/human
[08:33:55]GAME: Random Event triggering: Minor Space Dust (/datum/round_event/space_dust)
[08:35:41]ACCESS: Logout: Tokiko1/(Mya Eggy)


Starting up. 08:40:59
---------------------
Adding game mode blob (blob) to configuration.
Adding game mode changeling (changeling) to configuration.
Adding game mode traitor+changeling (traitorchan) to configuration.
Adding game mode double agents (double_agents) to configuration.
Adding game mode traitor (traitor) to configuration.
Adding game mode clockwork cult (clockwork_cult) to configuration.
Adding game mode cult (cult) to configuration.
Adding game mode Devil Agents (devil_agents) to configuration.
Adding game mode devil (devil) to configuration.
Adding game mode extended (extended) to configuration.
Adding game mode secret extended (secret extended) to configuration.
Adding game mode gang war (gang) to configuration.
Adding game mode meteor (meteor) to configuration.
Adding game mode abduction (abduction) to configuration.
Adding game mode monkey (monkey) to configuration.
Adding game mode nuclear emergency (nuclear) to configuration.
Adding game mode revolution (revolution) to configuration.
Adding game mode sandbox (sandbox) to configuration.
Adding game mode very ragin' bullshit mages (veryraginbullshitmages) to configuration.
Adding game mode ragin' mages (raginmages) to configuration.
Adding game mode wizard (wizard) to configuration.
Unknown game mode probability configuration definition: malfunction.
Unknown continuous configuration definition: malfunction.
Unknown midround antagonist configuration definition: malfunction.
Saved mode is 'extended'
[08:40:59]ADMIN: Loading Banlist
[08:41:30]ACCESS: Login: Tokiko1 from 127.0.0.1-1327063327 || BYOND v511
[08:41:30]ACCESS: Mob Login: Tokiko1/(Tokiko1) was assigned to a /mob/dead/new_player
[08:43:50]ACCESS: Mob Login: Tokiko1/(Mya Eggy) was assigned to a /mob/living/carbon/human
[08:44:22]ACCESS: Logout: Tokiko1/(Mya Eggy)
