

Starting up. 07:37:21
---------------------
Adding game mode blob (blob) to configuration.
Adding game mode changeling (changeling) to configuration.
Adding game mode traitor+changeling (traitorchan) to configuration.
Adding game mode double agents (double_agents) to configuration.
Adding game mode traitor (traitor) to configuration.
Adding game mode clockwork cult (clockwork_cult) to configuration.
Adding game mode cult (cult) to configuration.
Adding game mode Devil Agents (devil_agents) to configuration.
Adding game mode devil (devil) to configuration.
Adding game mode extended (extended) to configuration.
Adding game mode secret extended (secret extended) to configuration.
Adding game mode gang war (gang) to configuration.
Adding game mode meteor (meteor) to configuration.
Adding game mode abduction (abduction) to configuration.
Adding game mode monkey (monkey) to configuration.
Adding game mode nuclear emergency (nuclear) to configuration.
Adding game mode revolution (revolution) to configuration.
Adding game mode sandbox (sandbox) to configuration.
Adding game mode very ragin' bullshit mages (veryraginbullshitmages) to configuration.
Adding game mode ragin' mages (raginmages) to configuration.
Adding game mode wizard (wizard) to configuration.
Unknown game mode probability configuration definition: malfunction.
Unknown continuous configuration definition: malfunction.
Unknown midround antagonist configuration definition: malfunction.
Saved mode is 'extended'
[07:37:21]ADMIN: Loading Banlist
[07:37:51]ACCESS: Login: Tokiko1 from 127.0.0.1-1327063327 || BYOND v511
[07:37:51]ACCESS: Mob Login: Tokiko1/(Tokiko1) was assigned to a /mob/dead/new_player
[07:38:57]ADMIN: Tokiko1 has started the game.
[07:39:02]ACCESS: Mob Login: Tokiko1/(Mya Eggy) was assigned to a /mob/living/carbon/human
[07:39:56]ACCESS: Logout: Tokiko1/(Mya Eggy)
